running egg_info
writing build/cli_spawn/cli_spawn.egg-info/PKG-INFO
writing dependency_links to build/cli_spawn/cli_spawn.egg-info/dependency_links.txt
writing entry points to build/cli_spawn/cli_spawn.egg-info/entry_points.txt
writing requirements to build/cli_spawn/cli_spawn.egg-info/requires.txt
writing top-level names to build/cli_spawn/cli_spawn.egg-info/top_level.txt
reading manifest file 'build/cli_spawn/cli_spawn.egg-info/SOURCES.txt'
adding license file 'LICENSE'
writing manifest file 'build/cli_spawn/cli_spawn.egg-info/SOURCES.txt'
running build
running build_py
running install
running install_lib
running install_data
copying launch/empty_world.launch.py -> /home/venus/ros2_ws/src/cli_spawn/install/cli_spawn/share/cli_spawn/launch
running install_egg_info
removing '/home/venus/ros2_ws/src/cli_spawn/install/cli_spawn/lib/python3.12/site-packages/cli_spawn-0.0.0-py3.12.egg-info' (and everything under it)
Copying build/cli_spawn/cli_spawn.egg-info to /home/venus/ros2_ws/src/cli_spawn/install/cli_spawn/lib/python3.12/site-packages/cli_spawn-0.0.0-py3.12.egg-info
running install_scripts
Installing cli_spawn script to /home/venus/ros2_ws/src/cli_spawn/install/cli_spawn/lib/cli_spawn
writing list of installed files to '/home/venus/ros2_ws/src/cli_spawn/build/cli_spawn/install.log'
