[0.516s] Invoking command in '/home/venus/ros2_ws/src/cli_spawn': DEBUGINFOD_URLS=https://debuginfod.ubuntu.com PYTHONPATH=/home/venus/ros2_ws/src/cli_spawn/build/cli_spawn/prefix_override:/usr/lib/python3/dist-packages/colcon_core/task/python/colcon_distutils_commands:/home/venus/ros2_ws/src/cli_spawn/install/cli_spawn/lib/python3.12/site-packages:${PYTHONPATH} /usr/bin/python3 -W ignore:setup.py install is deprecated -W ignore:easy_install command is deprecated setup.py egg_info --egg-base build/cli_spawn build --build-base /home/venus/ros2_ws/src/cli_spawn/build/cli_spawn/build install --record /home/venus/ros2_ws/src/cli_spawn/build/cli_spawn/install.log --single-version-externally-managed install_data
[0.684s] running egg_info
[0.697s] writing build/cli_spawn/cli_spawn.egg-info/PKG-INFO
[0.697s] writing dependency_links to build/cli_spawn/cli_spawn.egg-info/dependency_links.txt
[0.697s] writing entry points to build/cli_spawn/cli_spawn.egg-info/entry_points.txt
[0.698s] writing requirements to build/cli_spawn/cli_spawn.egg-info/requires.txt
[0.698s] writing top-level names to build/cli_spawn/cli_spawn.egg-info/top_level.txt
[0.723s] reading manifest file 'build/cli_spawn/cli_spawn.egg-info/SOURCES.txt'
[0.723s] adding license file 'LICENSE'
[0.724s] writing manifest file 'build/cli_spawn/cli_spawn.egg-info/SOURCES.txt'
[0.724s] running build
[0.724s] running build_py
[0.724s] running install
[0.728s] running install_lib
[0.741s] running install_data
[0.741s] copying launch/empty_world.launch.py -> /home/venus/ros2_ws/src/cli_spawn/install/cli_spawn/share/cli_spawn/launch
[0.741s] running install_egg_info
[0.755s] removing '/home/venus/ros2_ws/src/cli_spawn/install/cli_spawn/lib/python3.12/site-packages/cli_spawn-0.0.0-py3.12.egg-info' (and everything under it)
[0.756s] Copying build/cli_spawn/cli_spawn.egg-info to /home/venus/ros2_ws/src/cli_spawn/install/cli_spawn/lib/python3.12/site-packages/cli_spawn-0.0.0-py3.12.egg-info
[0.756s] running install_scripts
[0.847s] Installing cli_spawn script to /home/venus/ros2_ws/src/cli_spawn/install/cli_spawn/lib/cli_spawn
[0.847s] writing list of installed files to '/home/venus/ros2_ws/src/cli_spawn/build/cli_spawn/install.log'
[0.864s] Invoked command in '/home/venus/ros2_ws/src/cli_spawn' returned '0': DEBUGINFOD_URLS=https://debuginfod.ubuntu.com PYTHONPATH=/home/venus/ros2_ws/src/cli_spawn/build/cli_spawn/prefix_override:/usr/lib/python3/dist-packages/colcon_core/task/python/colcon_distutils_commands:/home/venus/ros2_ws/src/cli_spawn/install/cli_spawn/lib/python3.12/site-packages:${PYTHONPATH} /usr/bin/python3 -W ignore:setup.py install is deprecated -W ignore:easy_install command is deprecated setup.py egg_info --egg-base build/cli_spawn build --build-base /home/venus/ros2_ws/src/cli_spawn/build/cli_spawn/build install --record /home/venus/ros2_ws/src/cli_spawn/build/cli_spawn/install.log --single-version-externally-managed install_data
