running egg_info
creating build/cli_spawn/cli_spawn.egg-info
writing build/cli_spawn/cli_spawn.egg-info/PKG-INFO
writing dependency_links to build/cli_spawn/cli_spawn.egg-info/dependency_links.txt
writing entry points to build/cli_spawn/cli_spawn.egg-info/entry_points.txt
writing requirements to build/cli_spawn/cli_spawn.egg-info/requires.txt
writing top-level names to build/cli_spawn/cli_spawn.egg-info/top_level.txt
writing manifest file 'build/cli_spawn/cli_spawn.egg-info/SOURCES.txt'
reading manifest file 'build/cli_spawn/cli_spawn.egg-info/SOURCES.txt'
adding license file 'LICENSE'
writing manifest file 'build/cli_spawn/cli_spawn.egg-info/SOURCES.txt'
running build
running build_py
creating /home/venus/ros2_ws/src/cli_spawn/build/cli_spawn/build
creating /home/venus/ros2_ws/src/cli_spawn/build/cli_spawn/build/lib
creating /home/venus/ros2_ws/src/cli_spawn/build/cli_spawn/build/lib/cli_spawn
copying cli_spawn/cli_spawn.py -> /home/venus/ros2_ws/src/cli_spawn/build/cli_spawn/build/lib/cli_spawn
copying cli_spawn/cli_spawn_test.py -> /home/venus/ros2_ws/src/cli_spawn/build/cli_spawn/build/lib/cli_spawn
copying cli_spawn/__init__.py -> /home/venus/ros2_ws/src/cli_spawn/build/cli_spawn/build/lib/cli_spawn
running install
running install_lib
creating /home/venus/ros2_ws/src/cli_spawn/install/cli_spawn/lib/python3.12/site-packages/cli_spawn
copying /home/venus/ros2_ws/src/cli_spawn/build/cli_spawn/build/lib/cli_spawn/cli_spawn.py -> /home/venus/ros2_ws/src/cli_spawn/install/cli_spawn/lib/python3.12/site-packages/cli_spawn
copying /home/venus/ros2_ws/src/cli_spawn/build/cli_spawn/build/lib/cli_spawn/cli_spawn_test.py -> /home/venus/ros2_ws/src/cli_spawn/install/cli_spawn/lib/python3.12/site-packages/cli_spawn
copying /home/venus/ros2_ws/src/cli_spawn/build/cli_spawn/build/lib/cli_spawn/__init__.py -> /home/venus/ros2_ws/src/cli_spawn/install/cli_spawn/lib/python3.12/site-packages/cli_spawn
byte-compiling /home/venus/ros2_ws/src/cli_spawn/install/cli_spawn/lib/python3.12/site-packages/cli_spawn/cli_spawn.py to cli_spawn.cpython-312.pyc
byte-compiling /home/venus/ros2_ws/src/cli_spawn/install/cli_spawn/lib/python3.12/site-packages/cli_spawn/cli_spawn_test.py to cli_spawn_test.cpython-312.pyc
byte-compiling /home/venus/ros2_ws/src/cli_spawn/install/cli_spawn/lib/python3.12/site-packages/cli_spawn/__init__.py to __init__.cpython-312.pyc
running install_data
creating /home/venus/ros2_ws/src/cli_spawn/install/cli_spawn/share/ament_index
creating /home/venus/ros2_ws/src/cli_spawn/install/cli_spawn/share/ament_index/resource_index
creating /home/venus/ros2_ws/src/cli_spawn/install/cli_spawn/share/ament_index/resource_index/packages
copying resource/cli_spawn -> /home/venus/ros2_ws/src/cli_spawn/install/cli_spawn/share/ament_index/resource_index/packages
copying package.xml -> /home/venus/ros2_ws/src/cli_spawn/install/cli_spawn/share/cli_spawn
creating /home/venus/ros2_ws/src/cli_spawn/install/cli_spawn/share/cli_spawn/worlds
copying worlds/empty.world -> /home/venus/ros2_ws/src/cli_spawn/install/cli_spawn/share/cli_spawn/worlds
creating /home/venus/ros2_ws/src/cli_spawn/install/cli_spawn/share/cli_spawn/launch
copying launch/empty_world.launch.py -> /home/venus/ros2_ws/src/cli_spawn/install/cli_spawn/share/cli_spawn/launch
creating /home/venus/ros2_ws/src/cli_spawn/install/cli_spawn/share/cli_spawn/urdf
copying urdf/my_robot.xacro.sdf -> /home/venus/ros2_ws/src/cli_spawn/install/cli_spawn/share/cli_spawn/urdf
running install_egg_info
Copying build/cli_spawn/cli_spawn.egg-info to /home/venus/ros2_ws/src/cli_spawn/install/cli_spawn/lib/python3.12/site-packages/cli_spawn-0.0.0-py3.12.egg-info
running install_scripts
Installing cli_spawn script to /home/venus/ros2_ws/src/cli_spawn/install/cli_spawn/lib/cli_spawn
writing list of installed files to '/home/venus/ros2_ws/src/cli_spawn/build/cli_spawn/install.log'
